[0.012s] Invoking command in '/home/amogus/maviss/src/maviss/build/maviss_description': BYOBU_DATE=%Y-%m-%d /usr/bin/cmake /home/amogus/maviss/src/maviss/maviss_description -DCMAKE_INSTALL_PREFIX=/home/amogus/maviss/src/maviss/install/maviss_description
[0.098s] -- The C compiler identification is GNU 11.4.0
[0.180s] -- The CXX compiler identification is GNU 11.4.0
[0.189s] -- Detecting C compiler ABI info
[0.289s] -- Detecting C compiler ABI info - done
[0.302s] -- Check for working C compiler: /usr/bin/cc - skipped
[0.302s] -- Detecting C compile features
[0.303s] -- Detecting C compile features - done
[0.306s] -- Detecting CXX compiler ABI info
[0.467s] -- Detecting CXX compiler ABI info - done
[0.482s] -- Check for working CXX compiler: /usr/bin/c++ - skipped
[0.483s] -- Detecting CXX compile features
[0.484s] -- Detecting CXX compile features - done
[0.488s] -- Found ament_cmake: 1.3.10 (/opt/ros/humble/share/ament_cmake/cmake)
[1.140s] -- Found Python3: /usr/bin/python3 (found version "3.10.12") found components: Interpreter 
[1.259s] -- Found gazebo_ros: 3.9.0 (/opt/ros/humble/share/gazebo_ros/cmake)
[1.310s] -- Found rosidl_generator_c: 3.1.5 (/opt/ros/humble/share/rosidl_generator_c/cmake)
[1.315s] -- Found rosidl_adapter: 3.1.5 (/opt/ros/humble/share/rosidl_adapter/cmake)
[1.325s] -- Found rosidl_generator_cpp: 3.1.5 (/opt/ros/humble/share/rosidl_generator_cpp/cmake)
[1.341s] [31mCMake Error at /opt/ros/humble/share/rosidl_typesupport_c/cmake/get_used_typesupports.cmake:35 (message):
[1.341s]   No 'rosidl_typesupport_c' found
[1.342s] Call Stack (most recent call first):
[1.342s]   /opt/ros/humble/share/rosidl_typesupport_c/cmake/rosidl_typesupport_c-extras.cmake:8 (get_used_typesupports)
[1.342s]   /opt/ros/humble/share/rosidl_typesupport_c/cmake/rosidl_typesupport_cConfig.cmake:41 (include)
[1.342s]   /opt/ros/humble/share/builtin_interfaces/cmake/ament_cmake_export_dependencies-extras.cmake:21 (find_package)
[1.342s]   /opt/ros/humble/share/builtin_interfaces/cmake/builtin_interfacesConfig.cmake:41 (include)
[1.342s]   /opt/ros/humble/share/libstatistics_collector/cmake/ament_cmake_export_dependencies-extras.cmake:21 (find_package)
[1.342s]   /opt/ros/humble/share/libstatistics_collector/cmake/libstatistics_collectorConfig.cmake:41 (include)
[1.342s]   /opt/ros/humble/share/rclcpp/cmake/ament_cmake_export_dependencies-extras.cmake:21 (find_package)
[1.342s]   /opt/ros/humble/share/rclcpp/cmake/rclcppConfig.cmake:41 (include)
[1.342s]   /opt/ros/humble/share/gazebo_ros/cmake/ament_cmake_export_dependencies-extras.cmake:21 (find_package)
[1.343s]   /opt/ros/humble/share/gazebo_ros/cmake/gazebo_rosConfig.cmake:41 (include)
[1.343s]   CMakeLists.txt:13 (find_package)
[1.343s] 
[1.343s] [0m
[1.343s] -- Configuring incomplete, errors occurred!
[1.344s] See also "/home/amogus/maviss/src/maviss/build/maviss_description/CMakeFiles/CMakeOutput.log".
[1.353s] Invoked command in '/home/amogus/maviss/src/maviss/build/maviss_description' returned '1': BYOBU_DATE=%Y-%m-%d /usr/bin/cmake /home/amogus/maviss/src/maviss/maviss_description -DCMAKE_INSTALL_PREFIX=/home/amogus/maviss/src/maviss/install/maviss_description
